::1 - - [14/Oct/2024:01:35:09 +0000] "POST /api/register-information-1nce HTTP/1.1" 201 21 "-" "PostmanRuntime/7.42.0"
::1 - - [14/Oct/2024:02:55:02 +0000] "POST /api/register-information-1nce HTTP/1.1" 401 12 "-" "PostmanRuntime/7.42.0"
::1 - - [14/Oct/2024:02:55:04 +0000] "POST /api/register-information-1nce HTTP/1.1" 401 12 "-" "PostmanRuntime/7.42.0"
::1 - - [14/Oct/2024:02:55:46 +0000] "POST /api/register-information-1nce HTTP/1.1" 201 21 "-" "PostmanRuntime/7.42.0"
::1 - - [14/Oct/2024:02:56:23 +0000] "POST /api/login HTTP/1.1" 500 35 "-" "PostmanRuntime/7.42.0"
::1 - - [14/Oct/2024:02:56:26 +0000] "POST /api/login HTTP/1.1" 500 35 "-" "PostmanRuntime/7.42.0"
::1 - - [14/Oct/2024:02:56:58 +0000] "POST /api/login HTTP/1.1" 500 14 "-" "PostmanRuntime/7.42.0"
::1 - - [14/Oct/2024:02:57:41 +0000] "POST /api/login HTTP/1.1" 500 14 "-" "PostmanRuntime/7.42.0"
::1 - - [14/Oct/2024:02:58:06 +0000] "POST /api/login HTTP/1.1" 500 14 "-" "PostmanRuntime/7.42.0"
::1 - - [14/Oct/2024:03:05:44 +0000] "POST /api/login HTTP/1.1" 500 14 "-" "PostmanRuntime/7.42.0"
::1 - - [14/Oct/2024:03:05:59 +0000] "POST /api/login HTTP/1.1" 500 14 "-" "PostmanRuntime/7.42.0"
::1 - - [14/Oct/2024:03:29:18 +0000] "POST /api/login HTTP/1.1" 500 14 "-" "PostmanRuntime/7.42.0"
::1 - - [14/Oct/2024:03:29:20 +0000] "POST /api/login HTTP/1.1" 500 14 "-" "PostmanRuntime/7.42.0"
::1 - - [14/Oct/2024:03:29:30 +0000] "POST /api/login HTTP/1.1" 500 14 "-" "PostmanRuntime/7.42.0"
::1 - - [14/Oct/2024:03:29:31 +0000] "POST /api/login HTTP/1.1" 500 14 "-" "PostmanRuntime/7.42.0"
::1 - - [14/Oct/2024:03:29:43 +0000] "POST /api/login HTTP/1.1" 500 14 "-" "PostmanRuntime/7.42.0"
::1 - - [14/Oct/2024:03:29:56 +0000] "POST /api/login HTTP/1.1" 404 32 "-" "PostmanRuntime/7.42.0"
::1 - - [14/Oct/2024:03:30:15 +0000] "POST /api/login HTTP/1.1" 200 191 "-" "PostmanRuntime/7.42.0"
::1 - - [14/Oct/2024:03:36:24 +0000] "POST /api/register-information-1nce HTTP/1.1" 404 37 "-" "PostmanRuntime/7.42.0"
::1 - - [14/Oct/2024:03:36:26 +0000] "POST /api/register-information-1nce HTTP/1.1" 404 37 "-" "PostmanRuntime/7.42.0"
::1 - - [14/Oct/2024:03:38:23 +0000] "POST /api/register-information-1nce HTTP/1.1" 201 212 "-" "PostmanRuntime/7.42.0"
::1 - - [14/Oct/2024:03:40:34 +0000] "POST /api/add-volumn HTTP/1.1" 404 28 "-" "PostmanRuntime/7.42.0"
::1 - - [14/Oct/2024:03:41:20 +0000] "POST /api/add-volumn HTTP/1.1" 201 21 "-" "PostmanRuntime/7.42.0"
::1 - - [14/Oct/2024:03:41:39 +0000] "POST /api/add-volumn HTTP/1.1" 201 21 "-" "PostmanRuntime/7.42.0"
::1 - - [14/Oct/2024:03:41:41 +0000] "POST /api/add-volumn HTTP/1.1" 201 21 "-" "PostmanRuntime/7.42.0"
::1 - - [14/Oct/2024:03:41:57 +0000] "POST /api/add-volumn HTTP/1.1" 201 21 "-" "PostmanRuntime/7.42.0"
::1 - - [14/Oct/2024:03:42:11 +0000] "POST /api/add-volumn HTTP/1.1" 201 21 "-" "PostmanRuntime/7.42.0"
::1 - - [14/Oct/2024:03:42:14 +0000] "POST /api/add-volumn HTTP/1.1" 201 21 "-" "PostmanRuntime/7.42.0"
::1 - - [14/Oct/2024:03:42:36 +0000] "POST /api/add-volumn HTTP/1.1" 500 35 "-" "PostmanRuntime/7.42.0"
::1 - - [14/Oct/2024:03:42:49 +0000] "POST /api/add-volumn HTTP/1.1" 500 14 "-" "PostmanRuntime/7.42.0"
::1 - - [14/Oct/2024:03:43:11 +0000] "POST /api/add-volumn HTTP/1.1" 201 31 "-" "PostmanRuntime/7.42.0"
::1 - - [14/Oct/2024:07:57:15 +0000] "POST /api/login HTTP/1.1" 200 191 "-" "PostmanRuntime/7.42.0"
::1 - - [14/Oct/2024:08:12:01 +0000] "POST /api/job-get-sim-new HTTP/1.1" - - "-" "PostmanRuntime/7.42.0"
::1 - - [14/Oct/2024:08:12:02 +0000] "GET /api/job-get-sim-new HTTP/1.1" 404 158 "-" "PostmanRuntime/7.42.0"
::1 - - [14/Oct/2024:08:23:34 +0000] "GET /api/job-get-sim-new HTTP/1.1" - - "-" "PostmanRuntime/7.42.0"
::1 - - [14/Oct/2024:08:24:37 +0000] "GET /api/job-get-sim-new HTTP/1.1" - - "-" "PostmanRuntime/7.42.0"
::1 - - [14/Oct/2024:08:25:19 +0000] "GET /api/job-get-sim-new HTTP/1.1" - - "-" "PostmanRuntime/7.42.0"
::1 - - [14/Oct/2024:08:32:20 +0000] "GET /api/job-get-sim-new HTTP/1.1" - - "-" "PostmanRuntime/7.42.0"
::1 - - [14/Oct/2024:09:35:40 +0000] "GET /api/job-get-sim-new HTTP/1.1" 200 26 "-" "PostmanRuntime/7.42.0"
::1 - - [14/Oct/2024:09:36:50 +0000] "GET /api/job-get-sim-new HTTP/1.1" 200 26 "-" "PostmanRuntime/7.42.0"
::1 - - [14/Oct/2024:09:42:35 +0000] "GET /api/job-get-sim-new HTTP/1.1" 200 26 "-" "PostmanRuntime/7.42.0"
::1 - - [14/Oct/2024:09:44:24 +0000] "GET /api/job-get-sim-new HTTP/1.1" 200 26 "-" "PostmanRuntime/7.42.0"
::1 - - [14/Oct/2024:09:44:54 +0000] "GET /api/job-get-sim-new HTTP/1.1" 200 26 "-" "PostmanRuntime/7.42.0"
::1 - - [14/Oct/2024:09:45:39 +0000] "GET /api/job-get-sim-new HTTP/1.1" 200 26 "-" "PostmanRuntime/7.42.0"
::1 - - [14/Oct/2024:09:46:36 +0000] "GET /api/job-get-sim-new HTTP/1.1" 200 26 "-" "PostmanRuntime/7.42.0"
::1 - - [14/Oct/2024:09:48:27 +0000] "GET /api/job-get-sim-new HTTP/1.1" 200 26 "-" "PostmanRuntime/7.42.0"
::1 - - [14/Oct/2024:09:48:46 +0000] "GET /api/job-get-sim-new HTTP/1.1" 200 26 "-" "PostmanRuntime/7.42.0"
::1 - - [14/Oct/2024:09:53:38 +0000] "GET /api/job-get-sim-new HTTP/1.1" 200 26 "-" "PostmanRuntime/7.42.0"
::1 - - [14/Oct/2024:09:53:40 +0000] "GET /api/job-get-sim-new HTTP/1.1" 200 26 "-" "PostmanRuntime/7.42.0"
::1 - - [15/Oct/2024:01:33:44 +0000] "GET /api/job-get-sim-new HTTP/1.1" 200 26 "-" "PostmanRuntime/7.42.0"
::1 - - [15/Oct/2024:01:37:55 +0000] "GET /api/job-get-sim-new HTTP/1.1" 200 26 "-" "PostmanRuntime/7.42.0"
::1 - - [15/Oct/2024:01:38:22 +0000] "GET /api/job-get-sim-new HTTP/1.1" 200 26 "-" "PostmanRuntime/7.42.0"
::1 - - [15/Oct/2024:01:38:24 +0000] "GET /api/job-get-sim-new HTTP/1.1" 200 26 "-" "PostmanRuntime/7.42.0"
::1 - - [15/Oct/2024:01:38:25 +0000] "GET /api/job-get-sim-new HTTP/1.1" 200 26 "-" "PostmanRuntime/7.42.0"
::1 - - [15/Oct/2024:01:38:26 +0000] "GET /api/job-get-sim-new HTTP/1.1" 200 26 "-" "PostmanRuntime/7.42.0"
::1 - - [15/Oct/2024:01:38:27 +0000] "GET /api/job-get-sim-new HTTP/1.1" 200 26 "-" "PostmanRuntime/7.42.0"
::1 - - [15/Oct/2024:01:38:28 +0000] "GET /api/job-get-sim-new HTTP/1.1" 200 26 "-" "PostmanRuntime/7.42.0"
::1 - - [15/Oct/2024:01:39:07 +0000] "GET /api/job-get-sim-new HTTP/1.1" 200 26 "-" "PostmanRuntime/7.42.0"
::1 - - [15/Oct/2024:01:39:09 +0000] "GET /api/job-get-sim-new HTTP/1.1" 200 26 "-" "PostmanRuntime/7.42.0"
::1 - - [15/Oct/2024:01:39:10 +0000] "GET /api/job-get-sim-new HTTP/1.1" 200 26 "-" "PostmanRuntime/7.42.0"
::1 - - [15/Oct/2024:01:39:10 +0000] "GET /api/job-get-sim-new HTTP/1.1" 200 26 "-" "PostmanRuntime/7.42.0"
::1 - - [15/Oct/2024:01:39:12 +0000] "GET /api/job-get-sim-new HTTP/1.1" 200 26 "-" "PostmanRuntime/7.42.0"
::1 - - [15/Oct/2024:01:39:13 +0000] "GET /api/job-get-sim-new HTTP/1.1" 200 26 "-" "PostmanRuntime/7.42.0"
::1 - - [15/Oct/2024:01:40:18 +0000] "GET /api/job-get-sim-new HTTP/1.1" 200 26 "-" "PostmanRuntime/7.42.0"
::1 - - [15/Oct/2024:01:40:35 +0000] "GET /api/job-get-sim-new HTTP/1.1" 200 26 "-" "PostmanRuntime/7.42.0"
::1 - - [15/Oct/2024:01:41:22 +0000] "GET /api/job-get-sim-new HTTP/1.1" 200 26 "-" "PostmanRuntime/7.42.0"
