2024-10-14T02:56:23.218Z [[31merror[39m]: Login: data and hash arguments required
2024-10-14T02:56:26.005Z [[31merror[39m]: Login: data and hash arguments required
2024-10-14T02:56:58.496Z [[31merror[39m]: Login: data and hash arguments required
2024-10-14T02:57:41.761Z [[31merror[39m]: Login: data and hash arguments required
2024-10-14T02:58:06.846Z [[31merror[39m]: Login: data and hash arguments required
2024-10-14T03:05:44.107Z [[31merror[39m]: Login: data and hash arguments required
2024-10-14T03:05:59.225Z [[31merror[39m]: Login: data and hash arguments required
2024-10-14T03:29:18.222Z [[31merror[39m]: Login: data and hash arguments required
2024-10-14T03:29:20.929Z [[31merror[39m]: Login: data and hash arguments required
2024-10-14T03:29:30.200Z [[31merror[39m]: Login: data and hash arguments required
2024-10-14T03:29:31.377Z [[31merror[39m]: Login: data and hash arguments required
2024-10-14T03:29:43.401Z [[31merror[39m]: Login: data and hash arguments required
2024-10-14T03:40:35.225Z [[31merror[39m]: volumn : Cannot set headers after they are sent to the client
2024-10-14T03:42:36.459Z [[31merror[39m]: volumn : Converting circular structure to JSON
    --> starting at object with constructor 'ClientRequest'
    |     property 'res' -> object with constructor 'IncomingMessage'
    --- property 'req' closes the circle
2024-10-14T03:42:49.067Z [[31merror[39m]: volumn : Converting circular structure to JSON
    --> starting at object with constructor 'ClientRequest'
    |     property 'res' -> object with constructor 'IncomingMessage'
    --- property 'req' closes the circle
